mode: set
hex_ddd_app/internal/client/customer_service.go:15.73,19.2 1 1
hex_ddd_app/internal/client/customer_service.go:21.67,23.16 2 1
hex_ddd_app/internal/client/customer_service.go:27.2,27.18 1 1
hex_ddd_app/internal/client/customer_service.go:23.16,25.3 1 1
hex_ddd_app/internal/client/customer_service.go:30.69,32.16 2 1
hex_ddd_app/internal/client/customer_service.go:36.2,36.12 1 1
hex_ddd_app/internal/client/customer_service.go:32.16,34.3 1 1
hex_ddd_app/internal/client/entities/customer.go:14.38,16.2 1 1
hex_ddd_app/internal/client/entities/customer.go:18.43,18.44 0 0
hex_ddd_app/internal/repositories/mem.go:13.29,19.2 2 1
hex_ddd_app/internal/repositories/mem.go:21.66,24.9 3 1
hex_ddd_app/internal/repositories/mem.go:27.2,27.18 1 1
hex_ddd_app/internal/repositories/mem.go:24.9,26.3 1 1
hex_ddd_app/internal/repositories/mem.go:30.66,34.39 2 1
hex_ddd_app/internal/repositories/mem.go:38.2,42.12 3 1
hex_ddd_app/internal/repositories/mem.go:34.39,37.3 2 0
hex_ddd_app/internal/repositories/pg.go:15.39,19.2 1 0
hex_ddd_app/internal/repositories/pg.go:21.64,25.54 2 0
hex_ddd_app/internal/repositories/pg.go:29.2,36.18 2 0
hex_ddd_app/internal/repositories/pg.go:25.54,27.3 1 0
hex_ddd_app/internal/repositories/pg.go:39.67,46.96 3 0
hex_ddd_app/internal/repositories/pg.go:49.2,49.12 1 0
hex_ddd_app/internal/repositories/pg.go:46.96,48.3 1 0
hex_ddd_app/internal/handlers/rest/customer_handler.go:20.89,24.2 1 1
hex_ddd_app/internal/handlers/rest/customer_handler.go:26.74,34.16 5 1
hex_ddd_app/internal/handlers/rest/customer_handler.go:39.2,40.16 2 1
hex_ddd_app/internal/handlers/rest/customer_handler.go:45.2,46.16 2 1
hex_ddd_app/internal/handlers/rest/customer_handler.go:34.16,37.3 2 0
hex_ddd_app/internal/handlers/rest/customer_handler.go:40.16,43.3 2 1
hex_ddd_app/internal/handlers/rest/customer_handler.go:46.16,48.3 1 0
hex_ddd_app/internal/handlers/rest/customer_handler.go:51.77,57.16 3 1
hex_ddd_app/internal/handlers/rest/customer_handler.go:61.2,61.19 1 1
hex_ddd_app/internal/handlers/rest/customer_handler.go:65.2,67.16 3 1
hex_ddd_app/internal/handlers/rest/customer_handler.go:71.2,72.16 2 1
hex_ddd_app/internal/handlers/rest/customer_handler.go:76.2,77.16 2 1
hex_ddd_app/internal/handlers/rest/customer_handler.go:57.16,59.3 1 0
hex_ddd_app/internal/handlers/rest/customer_handler.go:61.19,63.3 1 1
hex_ddd_app/internal/handlers/rest/customer_handler.go:67.16,69.3 1 1
hex_ddd_app/internal/handlers/rest/customer_handler.go:72.16,74.3 1 1
hex_ddd_app/internal/handlers/rest/customer_handler.go:77.16,79.3 1 0
