mode: set
hex_ddd_app/internal/repositories/mem.go:13.29,18.2 2 1
hex_ddd_app/internal/repositories/mem.go:20.66,23.9 3 1
hex_ddd_app/internal/repositories/mem.go:26.2,26.18 1 1
hex_ddd_app/internal/repositories/mem.go:23.9,25.3 1 1
hex_ddd_app/internal/repositories/mem.go:29.63,30.23 1 1
hex_ddd_app/internal/repositories/mem.go:33.2,33.39 1 1
hex_ddd_app/internal/repositories/mem.go:36.2,38.12 2 1
hex_ddd_app/internal/repositories/mem.go:30.23,32.3 1 1
hex_ddd_app/internal/repositories/mem.go:33.39,35.3 1 1
hex_ddd_app/internal/core/domain/customer.go:13.38,15.2 1 1
hex_ddd_app/internal/core/services/customer_service.go:17.73,22.2 1 1
hex_ddd_app/internal/core/services/customer_service.go:24.67,26.16 2 1
hex_ddd_app/internal/core/services/customer_service.go:30.2,30.18 1 1
hex_ddd_app/internal/core/services/customer_service.go:26.16,28.3 1 1
hex_ddd_app/internal/core/services/customer_service.go:33.85,37.16 3 1
hex_ddd_app/internal/core/services/customer_service.go:41.2,43.22 2 1
hex_ddd_app/internal/core/services/customer_service.go:37.16,39.3 1 1
hex_ddd_app/internal/handlers/web/customer_handler.go:18.89,22.2 1 1
hex_ddd_app/internal/handlers/web/customer_handler.go:24.74,33.16 5 1
hex_ddd_app/internal/handlers/web/customer_handler.go:37.2,38.16 2 1
hex_ddd_app/internal/handlers/web/customer_handler.go:33.16,35.3 1 1
hex_ddd_app/internal/handlers/web/customer_handler.go:38.16,40.3 1 0
hex_ddd_app/internal/handlers/web/customer_handler.go:43.77,49.16 3 1
hex_ddd_app/internal/handlers/web/customer_handler.go:53.2,53.19 1 1
hex_ddd_app/internal/handlers/web/customer_handler.go:57.2,59.16 3 1
hex_ddd_app/internal/handlers/web/customer_handler.go:63.2,64.16 2 1
hex_ddd_app/internal/handlers/web/customer_handler.go:68.2,69.16 2 1
hex_ddd_app/internal/handlers/web/customer_handler.go:49.16,51.3 1 0
hex_ddd_app/internal/handlers/web/customer_handler.go:53.19,55.3 1 1
hex_ddd_app/internal/handlers/web/customer_handler.go:59.16,61.3 1 1
hex_ddd_app/internal/handlers/web/customer_handler.go:64.16,66.3 1 1
hex_ddd_app/internal/handlers/web/customer_handler.go:69.16,71.3 1 0
